[15:11:33.678] Global cache location '/Users/clin/Library/Caches/typescript/3.7', safe file path '/usr/local/lib/node_modules/typescript/lib/typingsafelist.json', types map path /usr/local/lib/node_modules/typescript/lib/typesmap.json
[15:11:33.679] Processing cache location '/Users/clin/Library/Caches/typescript/3.7'
[15:11:33.679] Trying to find '/Users/clin/Library/Caches/typescript/3.7/package.json'...
[15:11:33.680] Finished processing cache location '/Users/clin/Library/Caches/typescript/3.7'
[15:11:33.681] Process id: 91683
[15:11:33.681] NPM location: /usr/local/bin/npm (explicit '--npmLocation' not  provided)
[15:11:33.681] validateDefaultNpmLocation: false
[15:11:33.681] Npm config file: /Users/clin/Library/Caches/typescript/3.7/package.json
[15:11:33.681] Npm config file: '/Users/clin/Library/Caches/typescript/3.7/package.json' is missing, creating new one...
[15:11:33.682] Updating types-registry npm package...
[15:11:33.683] Exec: /usr/local/bin/npm install --ignore-scripts types-registry@latest
[15:11:41.352]     Succeeded. stdout:
    + types-registry@0.1.473
    added 1 package from 1 contributor and audited 1 package in 1.135s
found 0 vulnerabilities


[15:11:41.353] Updated types-registry npm package
[15:11:41.439] Got install request {"projectName":"/dev/null/inferredProject1*","fileNames":["/usr/local/lib/node_modules/typescript/lib/lib.d.ts","/usr/local/lib/node_modules/typescript/lib/lib.es5.d.ts","/usr/local/lib/node_modules/typescript/lib/lib.dom.d.ts","/usr/local/lib/node_modules/typescript/lib/lib.webworker.importscripts.d.ts","/usr/local/lib/node_modules/typescript/lib/lib.scripthost.d.ts","/Users/clin/Projects/spring-cloud-microservice-workshop/sidecar/node-server.js"],"compilerOptions":{"target":1,"jsx":1,"allowNonTsExtensions":true,"allowJs":true,"noEmitForJsFiles":true,"maxNodeModuleJsDepth":2},"typeAcquisition":{"enable":true,"include":[],"exclude":[]},"unresolvedImports":[],"projectRootPath":"/users/clin/projects/spring-cloud-microservice-workshop/sidecar","kind":"discover"}
[15:11:41.460] Loaded safelist from types map file '/usr/local/lib/node_modules/typescript/lib/typesmap.json'
[15:11:41.460] Explicitly included types: []
[15:11:41.462] Inferred typings from unresolved imports: []
[15:11:41.462] Result: {"cachedTypingPaths":[],"newTypingNames":[],"filesToWatch":["/Users/clin/Projects/spring-cloud-microservice-workshop/sidecar/bower_components","/Users/clin/Projects/spring-cloud-microservice-workshop/sidecar/node_modules","/users/clin/projects/spring-cloud-microservice-workshop/sidecar/bower_components","/users/clin/projects/spring-cloud-microservice-workshop/sidecar/node_modules"]}
[15:11:41.462] Finished typings discovery: {"cachedTypingPaths":[],"newTypingNames":[],"filesToWatch":["/Users/clin/Projects/spring-cloud-microservice-workshop/sidecar/bower_components","/Users/clin/Projects/spring-cloud-microservice-workshop/sidecar/node_modules","/users/clin/projects/spring-cloud-microservice-workshop/sidecar/bower_components","/users/clin/projects/spring-cloud-microservice-workshop/sidecar/node_modules"]}
[15:11:41.462] DirectoryWatcher:: Added:: WatchInfo: /Users/clin/Projects/spring-cloud-microservice-workshop/sidecar/bower_components
[15:11:41.463] DirectoryWatcher:: Added:: WatchInfo: /Users/clin/Projects/spring-cloud-microservice-workshop/sidecar/node_modules
[15:11:41.464] Sending response:
    {"projectName":"/dev/null/inferredProject1*","typeAcquisition":{"enable":true,"include":[],"exclude":[]},"compilerOptions":{"target":1,"jsx":1,"allowNonTsExtensions":true,"allowJs":true,"noEmitForJsFiles":true,"maxNodeModuleJsDepth":2},"typings":[],"unresolvedImports":[],"kind":"action::set"}
[15:11:41.464] Response has been sent.
[15:11:41.464] No new typings were requested as a result of typings discovery
[15:14:4.477] Got install request {"projectName":"/dev/null/inferredProject1*","fileNames":["/usr/local/lib/node_modules/typescript/lib/lib.d.ts","/usr/local/lib/node_modules/typescript/lib/lib.es5.d.ts","/usr/local/lib/node_modules/typescript/lib/lib.dom.d.ts","/usr/local/lib/node_modules/typescript/lib/lib.webworker.importscripts.d.ts","/usr/local/lib/node_modules/typescript/lib/lib.scripthost.d.ts","/Users/clin/Projects/spring-cloud-microservice-workshop/sidecar/node-server.js"],"compilerOptions":{"target":1,"jsx":1,"allowNonTsExtensions":true,"allowJs":true,"noEmitForJsFiles":true,"maxNodeModuleJsDepth":2},"typeAcquisition":{"enable":true,"include":[],"exclude":[]},"unresolvedImports":["module"],"projectRootPath":"/users/clin/projects/spring-cloud-microservice-workshop/sidecar","kind":"discover"}
[15:14:4.485] Explicitly included types: []
[15:14:4.486] Inferred typings from unresolved imports: ["module"]
[15:14:4.486] Result: {"cachedTypingPaths":[],"newTypingNames":["module"],"filesToWatch":["/Users/clin/Projects/spring-cloud-microservice-workshop/sidecar/bower_components","/Users/clin/Projects/spring-cloud-microservice-workshop/sidecar/node_modules","/users/clin/projects/spring-cloud-microservice-workshop/sidecar/bower_components","/users/clin/projects/spring-cloud-microservice-workshop/sidecar/node_modules"]}
[15:14:4.493] Finished typings discovery: {"cachedTypingPaths":[],"newTypingNames":["module"],"filesToWatch":["/Users/clin/Projects/spring-cloud-microservice-workshop/sidecar/bower_components","/Users/clin/Projects/spring-cloud-microservice-workshop/sidecar/node_modules","/users/clin/projects/spring-cloud-microservice-workshop/sidecar/bower_components","/users/clin/projects/spring-cloud-microservice-workshop/sidecar/node_modules"]}
[15:14:4.498] Installing typings ["module"]
[15:14:4.504] 'module':: Entry for package 'module' does not exist in local types registry - skipping...
[15:14:4.505] All typings are known to be missing or invalid - no need to install more typings
[15:14:4.505] Sending response:
    {"projectName":"/dev/null/inferredProject1*","typeAcquisition":{"enable":true,"include":[],"exclude":[]},"compilerOptions":{"target":1,"jsx":1,"allowNonTsExtensions":true,"allowJs":true,"noEmitForJsFiles":true,"maxNodeModuleJsDepth":2},"typings":[],"unresolvedImports":["module"],"kind":"action::set"}
[15:14:4.505] Response has been sent.
[15:14:23.167] Got install request {"projectName":"/dev/null/inferredProject1*","fileNames":["/usr/local/lib/node_modules/typescript/lib/lib.d.ts","/usr/local/lib/node_modules/typescript/lib/lib.es5.d.ts","/usr/local/lib/node_modules/typescript/lib/lib.dom.d.ts","/usr/local/lib/node_modules/typescript/lib/lib.webworker.importscripts.d.ts","/usr/local/lib/node_modules/typescript/lib/lib.scripthost.d.ts","/Users/clin/Projects/spring-cloud-microservice-workshop/sidecar/node-server.js"],"compilerOptions":{"target":1,"jsx":1,"allowNonTsExtensions":true,"allowJs":true,"noEmitForJsFiles":true,"maxNodeModuleJsDepth":2},"typeAcquisition":{"enable":true,"include":[],"exclude":[]},"unresolvedImports":["http"],"projectRootPath":"/users/clin/projects/spring-cloud-microservice-workshop/sidecar","kind":"discover"}
[15:14:23.168] Explicitly included types: []
[15:14:23.170] Inferred typings from unresolved imports: ["node"]
[15:14:23.170] Result: {"cachedTypingPaths":[],"newTypingNames":["node"],"filesToWatch":["/Users/clin/Projects/spring-cloud-microservice-workshop/sidecar/bower_components","/Users/clin/Projects/spring-cloud-microservice-workshop/sidecar/node_modules","/users/clin/projects/spring-cloud-microservice-workshop/sidecar/bower_components","/users/clin/projects/spring-cloud-microservice-workshop/sidecar/node_modules"]}
[15:14:23.170] Finished typings discovery: {"cachedTypingPaths":[],"newTypingNames":["node"],"filesToWatch":["/Users/clin/Projects/spring-cloud-microservice-workshop/sidecar/bower_components","/Users/clin/Projects/spring-cloud-microservice-workshop/sidecar/node_modules","/users/clin/projects/spring-cloud-microservice-workshop/sidecar/bower_components","/users/clin/projects/spring-cloud-microservice-workshop/sidecar/node_modules"]}
[15:14:23.170] Installing typings ["node"]
[15:14:23.170] Npm config file: /Users/clin/Library/Caches/typescript/3.7/package.json
[15:14:23.171] Sending response:
    {"kind":"event::beginInstallTypes","eventId":1,"typingsInstallerVersion":"3.7.2","projectName":"/dev/null/inferredProject1*"}
[15:14:23.171] Response has been sent.
[15:14:23.171] #1 with arguments'["@types/node@ts3.7"]'.
[15:14:23.172] Exec: /usr/local/bin/npm install --ignore-scripts @types/node@ts3.7 --save-dev --user-agent="typesInstaller/3.7.2"
[15:14:25.690]     Succeeded. stdout:
    + @types/node@13.1.5
    added 1 package from 41 contributors and audited 2 packages in 1.794s
found 0 vulnerabilities


[15:14:25.690] npm install #1 took: 2519 ms
[15:14:25.691] Installed typings ["@types/node@ts3.7"]
[15:14:25.702] Installed typing files ["/Users/clin/Library/Caches/typescript/3.7/node_modules/@types/node/ts3.2/index.d.ts"]
[15:14:25.703] Sending response:
    {"projectName":"/dev/null/inferredProject1*","typeAcquisition":{"enable":true,"include":[],"exclude":[]},"compilerOptions":{"target":1,"jsx":1,"allowNonTsExtensions":true,"allowJs":true,"noEmitForJsFiles":true,"maxNodeModuleJsDepth":2},"typings":["/Users/clin/Library/Caches/typescript/3.7/node_modules/@types/node/ts3.2/index.d.ts"],"unresolvedImports":["http"],"kind":"action::set"}
[15:14:25.703] Response has been sent.
[15:14:25.703] Sending response:
    {"kind":"event::endInstallTypes","eventId":1,"projectName":"/dev/null/inferredProject1*","packagesToInstall":["@types/node@ts3.7"],"installSuccess":true,"typingsInstallerVersion":"3.7.2"}
[15:14:25.703] Response has been sent.
[15:14:26.794] Got install request {"projectName":"/dev/null/inferredProject1*","fileNames":["/usr/local/lib/node_modules/typescript/lib/lib.d.ts","/usr/local/lib/node_modules/typescript/lib/lib.es5.d.ts","/usr/local/lib/node_modules/typescript/lib/lib.es2015.d.ts","/usr/local/lib/node_modules/typescript/lib/lib.es2016.d.ts","/usr/local/lib/node_modules/typescript/lib/lib.es2017.d.ts","/usr/local/lib/node_modules/typescript/lib/lib.es2018.d.ts","/usr/local/lib/node_modules/typescript/lib/lib.dom.d.ts","/usr/local/lib/node_modules/typescript/lib/lib.webworker.importscripts.d.ts","/usr/local/lib/node_modules/typescript/lib/lib.scripthost.d.ts","/usr/local/lib/node_modules/typescript/lib/lib.es2015.core.d.ts","/usr/local/lib/node_modules/typescript/lib/lib.es2015.collection.d.ts","/usr/local/lib/node_modules/typescript/lib/lib.es2015.generator.d.ts","/usr/local/lib/node_modules/typescript/lib/lib.es2015.iterable.d.ts","/usr/local/lib/node_modules/typescript/lib/lib.es2015.promise.d.ts","/usr/local/lib/node_modules/typescript/lib/lib.es2015.proxy.d.ts","/usr/local/lib/node_modules/typescript/lib/lib.es2015.reflect.d.ts","/usr/local/lib/node_modules/typescript/lib/lib.es2015.symbol.d.ts","/usr/local/lib/node_modules/typescript/lib/lib.es2015.symbol.wellknown.d.ts","/usr/local/lib/node_modules/typescript/lib/lib.es2016.array.include.d.ts","/usr/local/lib/node_modules/typescript/lib/lib.es2017.object.d.ts","/usr/local/lib/node_modules/typescript/lib/lib.es2017.sharedmemory.d.ts","/usr/local/lib/node_modules/typescript/lib/lib.es2017.string.d.ts","/usr/local/lib/node_modules/typescript/lib/lib.es2017.intl.d.ts","/usr/local/lib/node_modules/typescript/lib/lib.es2017.typedarrays.d.ts","/usr/local/lib/node_modules/typescript/lib/lib.es2018.asyncgenerator.d.ts","/usr/local/lib/node_modules/typescript/lib/lib.es2018.asynciterable.d.ts","/usr/local/lib/node_modules/typescript/lib/lib.es2018.intl.d.ts","/usr/local/lib/node_modules/typescript/lib/lib.es2018.promise.d.ts","/usr/local/lib/node_modules/typescript/lib/lib.es2018.regexp.d.ts","/usr/local/lib/node_modules/typescript/lib/lib.esnext.intl.d.ts","/usr/local/lib/node_modules/typescript/lib/lib.esnext.bigint.d.ts","/Users/clin/Library/Caches/typescript/3.7/node_modules/@types/node/globals.d.ts","/Users/clin/Library/Caches/typescript/3.7/node_modules/@types/node/assert.d.ts","/Users/clin/Library/Caches/typescript/3.7/node_modules/@types/node/async_hooks.d.ts","/Users/clin/Library/Caches/typescript/3.7/node_modules/@types/node/buffer.d.ts","/Users/clin/Library/Caches/typescript/3.7/node_modules/@types/node/child_process.d.ts","/Users/clin/Library/Caches/typescript/3.7/node_modules/@types/node/cluster.d.ts","/Users/clin/Library/Caches/typescript/3.7/node_modules/@types/node/console.d.ts","/Users/clin/Library/Caches/typescript/3.7/node_modules/@types/node/constants.d.ts","/Users/clin/Library/Caches/typescript/3.7/node_modules/@types/node/crypto.d.ts","/Users/clin/Library/Caches/typescript/3.7/node_modules/@types/node/dgram.d.ts","/Users/clin/Library/Caches/typescript/3.7/node_modules/@types/node/dns.d.ts","/Users/clin/Library/Caches/typescript/3.7/node_modules/@types/node/domain.d.ts","/Users/clin/Library/Caches/typescript/3.7/node_modules/@types/node/events.d.ts","/Users/clin/Library/Caches/typescript/3.7/node_modules/@types/node/fs.d.ts","/Users/clin/Library/Caches/typescript/3.7/node_modules/@types/node/http.d.ts","/Users/clin/Library/Caches/typescript/3.7/node_modules/@types/node/http2.d.ts","/Users/clin/Library/Caches/typescript/3.7/node_modules/@types/node/https.d.ts","/Users/clin/Library/Caches/typescript/3.7/node_modules/@types/node/inspector.d.ts","/Users/clin/Library/Caches/typescript/3.7/node_modules/@types/node/module.d.ts","/Users/clin/Library/Caches/typescript/3.7/node_modules/@types/node/net.d.ts","/Users/clin/Library/Caches/typescript/3.7/node_modules/@types/node/os.d.ts","/Users/clin/Library/Caches/typescript/3.7/node_modules/@types/node/path.d.ts","/Users/clin/Library/Caches/typescript/3.7/node_modules/@types/node/perf_hooks.d.ts","/Users/clin/Library/Caches/typescript/3.7/node_modules/@types/node/process.d.ts","/Users/clin/Library/Caches/typescript/3.7/node_modules/@types/node/punycode.d.ts","/Users/clin/Library/Caches/typescript/3.7/node_modules/@types/node/querystring.d.ts","/Users/clin/Library/Caches/typescript/3.7/node_modules/@types/node/readline.d.ts","/Users/clin/Library/Caches/typescript/3.7/node_modules/@types/node/repl.d.ts","/Users/clin/Library/Caches/typescript/3.7/node_modules/@types/node/stream.d.ts","/Users/clin/Library/Caches/typescript/3.7/node_modules/@types/node/string_decoder.d.ts","/Users/clin/Library/Caches/typescript/3.7/node_modules/@types/node/timers.d.ts","/Users/clin/Library/Caches/typescript/3.7/node_modules/@types/node/tls.d.ts","/Users/clin/Library/Caches/typescript/3.7/node_modules/@types/node/trace_events.d.ts","/Users/clin/Library/Caches/typescript/3.7/node_modules/@types/node/tty.d.ts","/Users/clin/Library/Caches/typescript/3.7/node_modules/@types/node/url.d.ts","/Users/clin/Library/Caches/typescript/3.7/node_modules/@types/node/util.d.ts","/Users/clin/Library/Caches/typescript/3.7/node_modules/@types/node/v8.d.ts","/Users/clin/Library/Caches/typescript/3.7/node_modules/@types/node/vm.d.ts","/Users/clin/Library/Caches/typescript/3.7/node_modules/@types/node/worker_threads.d.ts","/Users/clin/Library/Caches/typescript/3.7/node_modules/@types/node/zlib.d.ts","/Users/clin/Library/Caches/typescript/3.7/node_modules/@types/node/base.d.ts","/Users/clin/Library/Caches/typescript/3.7/node_modules/@types/node/ts3.2/fs.d.ts","/Users/clin/Library/Caches/typescript/3.7/node_modules/@types/node/ts3.2/util.d.ts","/Users/clin/Library/Caches/typescript/3.7/node_modules/@types/node/ts3.2/globals.d.ts","/Users/clin/Library/Caches/typescript/3.7/node_modules/@types/node/ts3.2/index.d.ts","/Users/clin/Projects/spring-cloud-microservice-workshop/sidecar/node-server.js"],"compilerOptions":{"target":1,"jsx":1,"allowNonTsExtensions":true,"allowJs":true,"noEmitForJsFiles":true,"maxNodeModuleJsDepth":2},"typeAcquisition":{"enable":true,"include":[],"exclude":[]},"unresolvedImports":[],"projectRootPath":"/users/clin/projects/spring-cloud-microservice-workshop/sidecar","kind":"discover"}
[15:14:26.795] Explicitly included types: []
[15:14:26.797] Inferred typings from unresolved imports: []
[15:14:26.797] Result: {"cachedTypingPaths":[],"newTypingNames":[],"filesToWatch":["/Users/clin/Projects/spring-cloud-microservice-workshop/sidecar/bower_components","/Users/clin/Projects/spring-cloud-microservice-workshop/sidecar/node_modules","/users/clin/projects/spring-cloud-microservice-workshop/sidecar/bower_components","/users/clin/projects/spring-cloud-microservice-workshop/sidecar/node_modules"]}
[15:14:26.797] Finished typings discovery: {"cachedTypingPaths":[],"newTypingNames":[],"filesToWatch":["/Users/clin/Projects/spring-cloud-microservice-workshop/sidecar/bower_components","/Users/clin/Projects/spring-cloud-microservice-workshop/sidecar/node_modules","/users/clin/projects/spring-cloud-microservice-workshop/sidecar/bower_components","/users/clin/projects/spring-cloud-microservice-workshop/sidecar/node_modules"]}
[15:14:26.798] Sending response:
    {"projectName":"/dev/null/inferredProject1*","typeAcquisition":{"enable":true,"include":[],"exclude":[]},"compilerOptions":{"target":1,"jsx":1,"allowNonTsExtensions":true,"allowJs":true,"noEmitForJsFiles":true,"maxNodeModuleJsDepth":2},"typings":[],"unresolvedImports":[],"kind":"action::set"}
[15:14:26.798] Response has been sent.
[15:14:26.798] No new typings were requested as a result of typings discovery
[15:14:27.175] Got install request {"projectName":"/dev/null/inferredProject1*","fileNames":["/usr/local/lib/node_modules/typescript/lib/lib.d.ts","/usr/local/lib/node_modules/typescript/lib/lib.es5.d.ts","/usr/local/lib/node_modules/typescript/lib/lib.dom.d.ts","/usr/local/lib/node_modules/typescript/lib/lib.webworker.importscripts.d.ts","/usr/local/lib/node_modules/typescript/lib/lib.scripthost.d.ts","/Users/clin/Projects/spring-cloud-microservice-workshop/sidecar/node-server.js"],"compilerOptions":{"target":1,"jsx":1,"allowNonTsExtensions":true,"allowJs":true,"noEmitForJsFiles":true,"maxNodeModuleJsDepth":2},"typeAcquisition":{"enable":true,"include":[],"exclude":[]},"unresolvedImports":[],"projectRootPath":"/users/clin/projects/spring-cloud-microservice-workshop/sidecar","kind":"discover"}
[15:14:27.175] Explicitly included types: []
[15:14:27.178] Inferred typings from unresolved imports: []
[15:14:27.178] Result: {"cachedTypingPaths":[],"newTypingNames":[],"filesToWatch":["/Users/clin/Projects/spring-cloud-microservice-workshop/sidecar/bower_components","/Users/clin/Projects/spring-cloud-microservice-workshop/sidecar/node_modules","/users/clin/projects/spring-cloud-microservice-workshop/sidecar/bower_components","/users/clin/projects/spring-cloud-microservice-workshop/sidecar/node_modules"]}
[15:14:27.178] Finished typings discovery: {"cachedTypingPaths":[],"newTypingNames":[],"filesToWatch":["/Users/clin/Projects/spring-cloud-microservice-workshop/sidecar/bower_components","/Users/clin/Projects/spring-cloud-microservice-workshop/sidecar/node_modules","/users/clin/projects/spring-cloud-microservice-workshop/sidecar/bower_components","/users/clin/projects/spring-cloud-microservice-workshop/sidecar/node_modules"]}
[15:14:27.178] Sending response:
    {"projectName":"/dev/null/inferredProject1*","typeAcquisition":{"enable":true,"include":[],"exclude":[]},"compilerOptions":{"target":1,"jsx":1,"allowNonTsExtensions":true,"allowJs":true,"noEmitForJsFiles":true,"maxNodeModuleJsDepth":2},"typings":[],"unresolvedImports":[],"kind":"action::set"}
[15:14:27.179] Response has been sent.
[15:14:27.179] No new typings were requested as a result of typings discovery
[15:18:3.976] Got install request {"projectName":"/dev/null/inferredProject2*","fileNames":["/usr/local/lib/node_modules/typescript/lib/lib.d.ts","/usr/local/lib/node_modules/typescript/lib/lib.es5.d.ts","/usr/local/lib/node_modules/typescript/lib/lib.dom.d.ts","/usr/local/lib/node_modules/typescript/lib/lib.webworker.importscripts.d.ts","/usr/local/lib/node_modules/typescript/lib/lib.scripthost.d.ts","/Users/clin/Projects/spring-cloud-microservice-workshop/sidecar/node-server/index.js"],"compilerOptions":{"target":1,"jsx":1,"allowNonTsExtensions":true,"allowJs":true,"noEmitForJsFiles":true,"maxNodeModuleJsDepth":2},"typeAcquisition":{"enable":true,"include":[],"exclude":[]},"unresolvedImports":[],"projectRootPath":"/users/clin/projects/spring-cloud-microservice-workshop/sidecar/node-server","kind":"discover"}
[15:18:3.977] Explicitly included types: []
[15:18:3.977] Inferred typings from unresolved imports: []
[15:18:3.978] Result: {"cachedTypingPaths":[],"newTypingNames":[],"filesToWatch":["/Users/clin/Projects/spring-cloud-microservice-workshop/sidecar/node-server/bower_components","/Users/clin/Projects/spring-cloud-microservice-workshop/sidecar/node-server/node_modules","/users/clin/projects/spring-cloud-microservice-workshop/sidecar/node-server/bower_components","/users/clin/projects/spring-cloud-microservice-workshop/sidecar/node-server/node_modules"]}
[15:18:3.978] Finished typings discovery: {"cachedTypingPaths":[],"newTypingNames":[],"filesToWatch":["/Users/clin/Projects/spring-cloud-microservice-workshop/sidecar/node-server/bower_components","/Users/clin/Projects/spring-cloud-microservice-workshop/sidecar/node-server/node_modules","/users/clin/projects/spring-cloud-microservice-workshop/sidecar/node-server/bower_components","/users/clin/projects/spring-cloud-microservice-workshop/sidecar/node-server/node_modules"]}
[15:18:3.979] DirectoryWatcher:: Added:: WatchInfo: /Users/clin/Projects/spring-cloud-microservice-workshop/sidecar/node-server/bower_components
[15:18:3.979] DirectoryWatcher:: Added:: WatchInfo: /Users/clin/Projects/spring-cloud-microservice-workshop/sidecar/node-server/node_modules
[15:18:3.980] Sending response:
    {"projectName":"/dev/null/inferredProject2*","typeAcquisition":{"enable":true,"include":[],"exclude":[]},"compilerOptions":{"target":1,"jsx":1,"allowNonTsExtensions":true,"allowJs":true,"noEmitForJsFiles":true,"maxNodeModuleJsDepth":2},"typings":[],"unresolvedImports":[],"kind":"action::set"}
[15:18:3.980] Response has been sent.
[15:18:3.980] No new typings were requested as a result of typings discovery
[15:18:15.615] Got install request {"projectName":"/dev/null/inferredProject2*","fileNames":["/usr/local/lib/node_modules/typescript/lib/lib.d.ts","/usr/local/lib/node_modules/typescript/lib/lib.es5.d.ts","/usr/local/lib/node_modules/typescript/lib/lib.dom.d.ts","/usr/local/lib/node_modules/typescript/lib/lib.webworker.importscripts.d.ts","/usr/local/lib/node_modules/typescript/lib/lib.scripthost.d.ts","/Users/clin/Projects/spring-cloud-microservice-workshop/sidecar/node-server/index.js"],"compilerOptions":{"target":1,"jsx":1,"allowNonTsExtensions":true,"allowJs":true,"noEmitForJsFiles":true,"maxNodeModuleJsDepth":2},"typeAcquisition":{"enable":true,"include":[],"exclude":[]},"unresolvedImports":[],"projectRootPath":"/users/clin/projects/spring-cloud-microservice-workshop/sidecar/node-server","kind":"discover"}
[15:18:15.616] Explicitly included types: []
[15:18:15.618] Inferred typings from unresolved imports: []
[15:18:15.619] Result: {"cachedTypingPaths":[],"newTypingNames":[],"filesToWatch":["/Users/clin/Projects/spring-cloud-microservice-workshop/sidecar/node-server/bower_components","/Users/clin/Projects/spring-cloud-microservice-workshop/sidecar/node-server/node_modules","/users/clin/projects/spring-cloud-microservice-workshop/sidecar/node-server/bower_components","/users/clin/projects/spring-cloud-microservice-workshop/sidecar/node-server/node_modules"]}
[15:18:15.619] Finished typings discovery: {"cachedTypingPaths":[],"newTypingNames":[],"filesToWatch":["/Users/clin/Projects/spring-cloud-microservice-workshop/sidecar/node-server/bower_components","/Users/clin/Projects/spring-cloud-microservice-workshop/sidecar/node-server/node_modules","/users/clin/projects/spring-cloud-microservice-workshop/sidecar/node-server/bower_components","/users/clin/projects/spring-cloud-microservice-workshop/sidecar/node-server/node_modules"]}
[15:18:15.619] Sending response:
    {"projectName":"/dev/null/inferredProject2*","typeAcquisition":{"enable":true,"include":[],"exclude":[]},"compilerOptions":{"target":1,"jsx":1,"allowNonTsExtensions":true,"allowJs":true,"noEmitForJsFiles":true,"maxNodeModuleJsDepth":2},"typings":[],"unresolvedImports":[],"kind":"action::set"}
[15:18:15.620] Response has been sent.
[15:18:15.620] No new typings were requested as a result of typings discovery
[15:25:10.391] Got install request {"projectName":"/dev/null/inferredProject2*","fileNames":["/usr/local/lib/node_modules/typescript/lib/lib.d.ts","/usr/local/lib/node_modules/typescript/lib/lib.es5.d.ts","/usr/local/lib/node_modules/typescript/lib/lib.dom.d.ts","/usr/local/lib/node_modules/typescript/lib/lib.webworker.importscripts.d.ts","/usr/local/lib/node_modules/typescript/lib/lib.scripthost.d.ts","/Users/clin/Projects/spring-cloud-microservice-workshop/sidecar/node-server/index.js"],"compilerOptions":{"target":1,"jsx":1,"allowNonTsExtensions":true,"allowJs":true,"noEmitForJsFiles":true,"maxNodeModuleJsDepth":2},"typeAcquisition":{"enable":true,"include":[],"exclude":[]},"unresolvedImports":[],"projectRootPath":"/users/clin/projects/spring-cloud-microservice-workshop/sidecar/node-server","kind":"discover"}
[15:25:10.391] Explicitly included types: []
[15:25:10.392] Inferred typings from unresolved imports: []
[15:25:10.393] Result: {"cachedTypingPaths":[],"newTypingNames":[],"filesToWatch":["/Users/clin/Projects/spring-cloud-microservice-workshop/sidecar/node-server/bower_components","/Users/clin/Projects/spring-cloud-microservice-workshop/sidecar/node-server/node_modules","/users/clin/projects/spring-cloud-microservice-workshop/sidecar/node-server/bower_components","/users/clin/projects/spring-cloud-microservice-workshop/sidecar/node-server/node_modules"]}
[15:25:10.393] Finished typings discovery: {"cachedTypingPaths":[],"newTypingNames":[],"filesToWatch":["/Users/clin/Projects/spring-cloud-microservice-workshop/sidecar/node-server/bower_components","/Users/clin/Projects/spring-cloud-microservice-workshop/sidecar/node-server/node_modules","/users/clin/projects/spring-cloud-microservice-workshop/sidecar/node-server/bower_components","/users/clin/projects/spring-cloud-microservice-workshop/sidecar/node-server/node_modules"]}
[15:25:10.393] Sending response:
    {"projectName":"/dev/null/inferredProject2*","typeAcquisition":{"enable":true,"include":[],"exclude":[]},"compilerOptions":{"target":1,"jsx":1,"allowNonTsExtensions":true,"allowJs":true,"noEmitForJsFiles":true,"maxNodeModuleJsDepth":2},"typings":[],"unresolvedImports":[],"kind":"action::set"}
[15:25:10.393] Response has been sent.
[15:25:10.393] No new typings were requested as a result of typings discovery
[15:28:5.482] Got install request {"projectName":"/dev/null/inferredProject2*","fileNames":["/usr/local/lib/node_modules/typescript/lib/lib.d.ts","/usr/local/lib/node_modules/typescript/lib/lib.es5.d.ts","/usr/local/lib/node_modules/typescript/lib/lib.dom.d.ts","/usr/local/lib/node_modules/typescript/lib/lib.webworker.importscripts.d.ts","/usr/local/lib/node_modules/typescript/lib/lib.scripthost.d.ts","/Users/clin/Projects/spring-cloud-microservice-workshop/sidecar/node-server/index.js"],"compilerOptions":{"target":1,"jsx":1,"allowNonTsExtensions":true,"allowJs":true,"noEmitForJsFiles":true,"maxNodeModuleJsDepth":2},"typeAcquisition":{"enable":true,"include":[],"exclude":[]},"unresolvedImports":["1"],"projectRootPath":"/users/clin/projects/spring-cloud-microservice-workshop/sidecar/node-server","kind":"discover"}
[15:28:5.485] Explicitly included types: []
[15:28:5.487] Inferred typings from unresolved imports: ["1"]
[15:28:5.487] Result: {"cachedTypingPaths":[],"newTypingNames":["1"],"filesToWatch":["/Users/clin/Projects/spring-cloud-microservice-workshop/sidecar/node-server/bower_components","/Users/clin/Projects/spring-cloud-microservice-workshop/sidecar/node-server/node_modules","/users/clin/projects/spring-cloud-microservice-workshop/sidecar/node-server/bower_components","/users/clin/projects/spring-cloud-microservice-workshop/sidecar/node-server/node_modules"]}
[15:28:5.487] Finished typings discovery: {"cachedTypingPaths":[],"newTypingNames":["1"],"filesToWatch":["/Users/clin/Projects/spring-cloud-microservice-workshop/sidecar/node-server/bower_components","/Users/clin/Projects/spring-cloud-microservice-workshop/sidecar/node-server/node_modules","/users/clin/projects/spring-cloud-microservice-workshop/sidecar/node-server/bower_components","/users/clin/projects/spring-cloud-microservice-workshop/sidecar/node-server/node_modules"]}
[15:28:5.487] Installing typings ["1"]
[15:28:5.488] '1':: Entry for package '1' does not exist in local types registry - skipping...
[15:28:5.488] All typings are known to be missing or invalid - no need to install more typings
[15:28:5.488] Sending response:
    {"projectName":"/dev/null/inferredProject2*","typeAcquisition":{"enable":true,"include":[],"exclude":[]},"compilerOptions":{"target":1,"jsx":1,"allowNonTsExtensions":true,"allowJs":true,"noEmitForJsFiles":true,"maxNodeModuleJsDepth":2},"typings":[],"unresolvedImports":["1"],"kind":"action::set"}
[15:28:5.488] Response has been sent.
